生成启动时间为 2015/6/15 12:28:29。
     1>项目“D:\游戏设计大赛\2015\DirectXWork2\DirectXWork2\DirectXWork2.vcxproj”在节点 2 上(Build 个目标)。
     1>Link:
         G:\vs2013\VC\bin\link.exe /ERRORREPORT:PROMPT /OUT:"D:\游戏设计大赛\2015\DirectXWork2\Debug\DirectXWork2.exe" /INCREMENTAL /NOLOGO dwrite.lib windowscodecs.lib d2d1.lib winmm.lib kernel32.lib user32.lib gdi32.lib winspool.lib comdlg32.lib advapi32.lib shell32.lib ole32.lib oleaut32.lib uuid.lib odbc32.lib odbccp32.lib kernel32.lib user32.lib gdi32.lib winspool.lib comdlg32.lib advapi32.lib shell32.lib ole32.lib oleaut32.lib uuid.lib odbc32.lib odbccp32.lib /MANIFEST /MANIFESTUAC:"level='asInvoker' uiAccess='false'" /manifest:embed /DEBUG /PDB:"D:\游戏设计大赛\2015\DirectXWork2\Debug\DirectXWork2.pdb" /SUBSYSTEM:WINDOWS /TLBID:1 /DYNAMICBASE /NXCOMPAT /IMPLIB:"D:\游戏设计大赛\2015\DirectXWork2\Debug\DirectXWork2.lib" /MACHINE:X86 Debug\main.obj
         Debug\CMyGame.obj
         Debug\GameHinder.obj
         Debug\GamePlay.obj
         Debug\GameScene.obj
         Debug\GameSelect.obj
         Debug\GameStart.obj
         Debug\GameTime.obj
         Debug\People.obj
         Debug\AnimationSprite.obj
         Debug\Game.obj
         Debug\ResourcesPool.obj
         Debug\Sprite.obj
         Debug\SpritesManager.obj
         DirectXWork2.vcxproj -> D:\游戏设计大赛\2015\DirectXWork2\Debug\DirectXWork2.exe
     1>已完成生成项目“D:\游戏设计大赛\2015\DirectXWork2\DirectXWork2\DirectXWork2.vcxproj”(Build 个目标)的操作。

生成成功。

已用时间 00:00:01.67
